{"level":"info","message":"Server in ascolto sulla porta 5000","timestamp":"2025-06-25 11:49:39"}
{"level":"info","message":"Registrazione con id 1 già approvata","timestamp":"2025-06-25 11:50:42"}
{"level":"info","message":"Registrazione con id 1 già approvata","timestamp":"2025-06-25 11:51:22"}
{"level":"info","message":"Registrazione con id 1 approvata","timestamp":"2025-06-25 11:52:34"}
{"level":"info","message":"Inseriti 2 stand per registrazione 1","timestamp":"2025-06-25 11:52:34"}
{"level":"info","message":"Inseriti 4 ospiti per registrazione 1","timestamp":"2025-06-25 11:52:34"}
{"level":"info","message":"Inseriti 1 capi per registrazione 1","timestamp":"2025-06-25 11:52:34"}
{"level":"info","message":"Ricevuta richiesta GET /registrazioni-generali/pendenti","timestamp":"2025-06-25 11:52:36"}
{"level":"info","message":"Trovate 0 registrazioni pendenti","timestamp":"2025-06-25 11:52:36"}
{"level":"info","message":"Ricevuta richiesta GET /registrazioni-generali/approvate","timestamp":"2025-06-25 11:52:36"}
{"level":"info","message":"Trovate 1 registrazioni approvate","timestamp":"2025-06-25 11:52:36"}
{"level":"info","message":"Email aggiornata per registrazione id 1 a simone.dopti@gmail.co","timestamp":"2025-06-25 11:53:06"}
{"level":"info","message":"Ricevuta richiesta GET /registrazioni-generali/approvate","timestamp":"2025-06-25 11:53:09"}
{"level":"info","message":"Trovate 1 registrazioni approvate","timestamp":"2025-06-25 11:53:09"}
{"level":"info","message":"Email aggiornata per registrazione id 1 a simone.dopti@gmail.com","timestamp":"2025-06-25 11:53:12"}
{"level":"info","message":"Ricevuta richiesta GET /registrazioni-generali/approvate","timestamp":"2025-06-25 11:53:13"}
{"level":"info","message":"Trovate 1 registrazioni approvate","timestamp":"2025-06-25 11:53:13"}
{"level":"info","message":"Email inviata con successo a simone.dopti@gmail.com per registrazione id 1","timestamp":"2025-06-25 11:53:20"}
{"level":"info","message":"Ricevuta richiesta GET /registrazioni-generali/approvate","timestamp":"2025-06-25 11:53:21"}
{"level":"info","message":"Trovate 1 registrazioni approvate","timestamp":"2025-06-25 11:53:21"}
{"level":"info","message":"Ricevuta richiesta GET /registrazioni-generali/pendenti","timestamp":"2025-06-25 11:53:51"}
{"level":"info","message":"Ricevuta richiesta GET /registrazioni-generali/approvate","timestamp":"2025-06-25 11:53:51"}
{"level":"info","message":"Trovate 0 registrazioni pendenti","timestamp":"2025-06-25 11:53:51"}
{"level":"info","message":"Trovate 1 registrazioni approvate","timestamp":"2025-06-25 11:53:51"}
{"level":"info","message":"Ricevuta richiesta GET /configurazione","timestamp":"2025-06-25 11:53:58"}
{"level":"info","message":"Modalità fiera: false","timestamp":"2025-06-25 11:53:58"}
{"level":"info","message":"Ricevuta richiesta GET /configurazione","timestamp":"2025-06-25 11:54:51"}
{"level":"info","message":"Modalità fiera: false","timestamp":"2025-06-25 11:54:51"}
{"level":"info","message":"Ricevuta richiesta GET /registrazioni-generali/pendenti","timestamp":"2025-06-25 11:55:16"}
{"level":"info","message":"Ricevuta richiesta GET /registrazioni-generali/approvate","timestamp":"2025-06-25 11:55:16"}
{"level":"info","message":"Trovate 1 registrazioni pendenti","timestamp":"2025-06-25 11:55:16"}
{"level":"info","message":"Trovate 1 registrazioni approvate","timestamp":"2025-06-25 11:55:17"}
{"level":"info","message":"Registrazione con id 2 approvata","timestamp":"2025-06-25 11:55:22"}
{"level":"info","message":"Inseriti 2 stand per registrazione 2","timestamp":"2025-06-25 11:55:22"}
{"level":"info","message":"Inseriti 2 ospiti per registrazione 2","timestamp":"2025-06-25 11:55:22"}
{"level":"info","message":"Inseriti 1 capi per registrazione 2","timestamp":"2025-06-25 11:55:22"}
{"level":"info","message":"Ricevuta richiesta GET /registrazioni-generali/pendenti","timestamp":"2025-06-25 11:55:23"}
{"level":"info","message":"Trovate 0 registrazioni pendenti","timestamp":"2025-06-25 11:55:23"}
{"level":"info","message":"Ricevuta richiesta GET /registrazioni-generali/approvate","timestamp":"2025-06-25 11:55:23"}
{"level":"info","message":"Trovate 2 registrazioni approvate","timestamp":"2025-06-25 11:55:23"}
{"level":"info","message":"Registrazione con id 2 eliminata con successo","timestamp":"2025-06-25 11:55:52"}
{"level":"info","message":"Ricevuta richiesta GET /registrazioni-generali/pendenti","timestamp":"2025-06-25 11:55:55"}
{"level":"info","message":"Ricevuta richiesta GET /registrazioni-generali/approvate","timestamp":"2025-06-25 11:55:55"}
{"level":"info","message":"Trovate 0 registrazioni pendenti","timestamp":"2025-06-25 11:55:55"}
{"level":"info","message":"Trovate 1 registrazioni approvate","timestamp":"2025-06-25 11:55:55"}
{"level":"info","message":"Ricevuta richiesta GET /configurazione","timestamp":"2025-06-25 11:56:24"}
{"level":"info","message":"Ricevuta richiesta GET /amministratori","timestamp":"2025-06-25 11:56:24"}
{"level":"info","message":"Modalità fiera: false","timestamp":"2025-06-25 11:56:24"}
{"level":"info","message":"Restituiti 1 amministratori","timestamp":"2025-06-25 11:56:24"}
{"level":"info","message":"Modalità fiera aggiornata a: true","timestamp":"2025-06-25 11:56:25"}
{"level":"info","message":"Ricevuta richiesta GET /configurazione","timestamp":"2025-06-25 11:56:42"}
{"level":"info","message":"Modalità fiera: true","timestamp":"2025-06-25 11:56:42"}
{"level":"info","message":"Nuovo voto ospiti inserito per codice_verifica: O-8777","timestamp":"2025-06-25 11:57:20"}
{"level":"info","message":"Voto ospiti aggiornato per codice_verifica: O-8777","timestamp":"2025-06-25 11:57:29"}
{"level":"info","message":"Ricevuta richiesta GET /configurazione","timestamp":"2025-06-25 11:57:35"}
{"level":"info","message":"Modalità fiera: true","timestamp":"2025-06-25 11:57:35"}
{"level":"info","message":"Ricevuta richiesta GET /registrazioni-generali/pendenti","timestamp":"2025-06-25 11:58:10"}
{"level":"info","message":"Trovate 1 registrazioni pendenti","timestamp":"2025-06-25 11:58:10"}
{"level":"info","message":"Ricevuta richiesta GET /registrazioni-generali/approvate","timestamp":"2025-06-25 11:58:10"}
{"level":"info","message":"Trovate 1 registrazioni approvate","timestamp":"2025-06-25 11:58:10"}
{"level":"info","message":"Registrazione con id 3 approvata","timestamp":"2025-06-25 11:58:13"}
{"level":"info","message":"Inseriti 1 stand per registrazione 3","timestamp":"2025-06-25 11:58:13"}
{"level":"info","message":"Inseriti 2 ospiti per registrazione 3","timestamp":"2025-06-25 11:58:13"}
{"level":"info","message":"Inseriti 2 capi per registrazione 3","timestamp":"2025-06-25 11:58:13"}
{"level":"info","message":"Ricevuta richiesta GET /registrazioni-generali/pendenti","timestamp":"2025-06-25 11:58:14"}
{"level":"info","message":"Ricevuta richiesta GET /registrazioni-generali/approvate","timestamp":"2025-06-25 11:58:14"}
{"level":"info","message":"Trovate 0 registrazioni pendenti","timestamp":"2025-06-25 11:58:14"}
{"level":"info","message":"Trovate 2 registrazioni approvate","timestamp":"2025-06-25 11:58:14"}
{"level":"info","message":"Ricevuta richiesta GET /configurazione","timestamp":"2025-06-25 11:58:40"}
{"level":"info","message":"Modalità fiera: true","timestamp":"2025-06-25 11:58:40"}
{"level":"info","message":"Nuovo voto ospiti inserito per codice_verifica: O-4496","timestamp":"2025-06-25 11:58:59"}
{"level":"info","message":"Ricevuta richiesta GET /configurazione","timestamp":"2025-06-25 11:59:01"}
{"level":"info","message":"Modalità fiera: true","timestamp":"2025-06-25 11:59:01"}
{"level":"info","message":"Registrazione con id 3 eliminata con successo","timestamp":"2025-06-25 11:59:19"}
{"level":"info","message":"Ricevuta richiesta GET /registrazioni-generali/pendenti","timestamp":"2025-06-25 11:59:21"}
{"level":"info","message":"Ricevuta richiesta GET /registrazioni-generali/approvate","timestamp":"2025-06-25 11:59:21"}
{"level":"info","message":"Trovate 0 registrazioni pendenti","timestamp":"2025-06-25 11:59:21"}
{"level":"info","message":"Trovate 1 registrazioni approvate","timestamp":"2025-06-25 11:59:21"}
{"level":"info","message":"Ricevuta richiesta GET /configurazione","timestamp":"2025-06-25 12:00:32"}
{"level":"info","message":"Modalità fiera: true","timestamp":"2025-06-25 12:00:32"}
{"level":"info","message":"Ricevuta richiesta GET /configurazione","timestamp":"2025-06-25 12:00:47"}
{"level":"info","message":"Modalità fiera: true","timestamp":"2025-06-25 12:00:47"}
{"level":"info","message":"Ricevuta richiesta GET /amministratori","timestamp":"2025-06-25 12:00:47"}
{"level":"info","message":"Restituiti 1 amministratori","timestamp":"2025-06-25 12:00:47"}
{"level":"info","message":"Modalità fiera aggiornata a: false","timestamp":"2025-06-25 12:00:48"}
{"level":"info","message":"Ricevuta richiesta GET /configurazione","timestamp":"2025-06-25 12:00:50"}
{"level":"info","message":"Modalità fiera: false","timestamp":"2025-06-25 12:00:50"}
{"level":"info","message":"Ricevuta richiesta GET /configurazione","timestamp":"2025-06-25 12:01:28"}
{"level":"info","message":"Modalità fiera: false","timestamp":"2025-06-25 12:01:28"}
{"level":"info","message":"Server in ascolto sulla porta 5000","timestamp":"2025-06-25 12:04:29"}
{"level":"info","message":"Server in ascolto sulla porta 5000","timestamp":"2025-06-25 13:40:46"}
{"level":"info","message":"Ricevuta richiesta GET /configurazione","timestamp":"2025-06-25 13:44:31"}
